::1 - - [25/Nov/2018:21:21:34 +0000] "GET / HTTP/1.1" 302 60 "-" "Mozilla/5.0 (Windows NT 10.0; Win64; x64) AppleWebKit/537.36 (KHTML, like Gecko) Chrome/70.0.3538.102 Safari/537.36"
::1 - - [25/Nov/2018:21:21:34 +0000] "GET /robots.txt HTTP/1.1" 404 149 "-" "Mozilla/5.0 (Windows NT 10.0; Win64; x64) AppleWebKit/537.36 (KHTML, like Gecko) Chrome/70.0.3538.102 Safari/537.36"
::1 - - [25/Nov/2018:21:21:34 +0000] "GET /burgers HTTP/1.1" 200 3381 "-" "Mozilla/5.0 (Windows NT 10.0; Win64; x64) AppleWebKit/537.36 (KHTML, like Gecko) Chrome/70.0.3538.102 Safari/537.36"
::1 - - [25/Nov/2018:21:21:34 +0000] "GET /static/assets/css/style.css HTTP/1.1" 404 166 "http://localhost:3000/burgers" "Mozilla/5.0 (Windows NT 10.0; Win64; x64) AppleWebKit/537.36 (KHTML, like Gecko) Chrome/70.0.3538.102 Safari/537.36"
::1 - - [25/Nov/2018:21:21:34 +0000] "GET /favicon.ico HTTP/1.1" 404 150 "http://localhost:3000/burgers" "Mozilla/5.0 (Windows NT 10.0; Win64; x64) AppleWebKit/537.36 (KHTML, like Gecko) Chrome/70.0.3538.102 Safari/537.36"
::1 - - [25/Nov/2018:21:21:46 +0000] "PUT /burgers/update?_method=PUT HTTP/1.1" 302 46 "http://localhost:3000/burgers" "Mozilla/5.0 (Windows NT 10.0; Win64; x64) AppleWebKit/537.36 (KHTML, like Gecko) Chrome/70.0.3538.102 Safari/537.36"
::1 - - [25/Nov/2018:21:21:46 +0000] "GET / HTTP/1.1" 302 60 "http://localhost:3000/burgers" "Mozilla/5.0 (Windows NT 10.0; Win64; x64) AppleWebKit/537.36 (KHTML, like Gecko) Chrome/70.0.3538.102 Safari/537.36"
::1 - - [25/Nov/2018:21:21:46 +0000] "GET /burgers HTTP/1.1" 200 3052 "http://localhost:3000/burgers" "Mozilla/5.0 (Windows NT 10.0; Win64; x64) AppleWebKit/537.36 (KHTML, like Gecko) Chrome/70.0.3538.102 Safari/537.36"
::1 - - [25/Nov/2018:21:21:46 +0000] "GET /static/assets/css/style.css HTTP/1.1" 404 166 "http://localhost:3000/burgers" "Mozilla/5.0 (Windows NT 10.0; Win64; x64) AppleWebKit/537.36 (KHTML, like Gecko) Chrome/70.0.3538.102 Safari/537.36"
::1 - - [25/Nov/2018:21:21:56 +0000] "PUT /burgers/update?_method=PUT HTTP/1.1" 302 46 "http://localhost:3000/burgers" "Mozilla/5.0 (Windows NT 10.0; Win64; x64) AppleWebKit/537.36 (KHTML, like Gecko) Chrome/70.0.3538.102 Safari/537.36"
::1 - - [25/Nov/2018:21:21:56 +0000] "GET / HTTP/1.1" 302 60 "http://localhost:3000/burgers" "Mozilla/5.0 (Windows NT 10.0; Win64; x64) AppleWebKit/537.36 (KHTML, like Gecko) Chrome/70.0.3538.102 Safari/537.36"
::1 - - [25/Nov/2018:21:21:56 +0000] "GET /burgers HTTP/1.1" 200 2723 "http://localhost:3000/burgers" "Mozilla/5.0 (Windows NT 10.0; Win64; x64) AppleWebKit/537.36 (KHTML, like Gecko) Chrome/70.0.3538.102 Safari/537.36"
::1 - - [25/Nov/2018:21:21:56 +0000] "GET /static/assets/css/style.css HTTP/1.1" 404 166 "http://localhost:3000/burgers" "Mozilla/5.0 (Windows NT 10.0; Win64; x64) AppleWebKit/537.36 (KHTML, like Gecko) Chrome/70.0.3538.102 Safari/537.36"
::1 - - [25/Nov/2018:21:22:07 +0000] "PUT /burgers/update?_method=PUT HTTP/1.1" 302 46 "http://localhost:3000/burgers" "Mozilla/5.0 (Windows NT 10.0; Win64; x64) AppleWebKit/537.36 (KHTML, like Gecko) Chrome/70.0.3538.102 Safari/537.36"
::1 - - [25/Nov/2018:21:22:07 +0000] "GET / HTTP/1.1" 302 60 "http://localhost:3000/burgers" "Mozilla/5.0 (Windows NT 10.0; Win64; x64) AppleWebKit/537.36 (KHTML, like Gecko) Chrome/70.0.3538.102 Safari/537.36"
::1 - - [25/Nov/2018:21:22:07 +0000] "GET /burgers HTTP/1.1" 200 2394 "http://localhost:3000/burgers" "Mozilla/5.0 (Windows NT 10.0; Win64; x64) AppleWebKit/537.36 (KHTML, like Gecko) Chrome/70.0.3538.102 Safari/537.36"
::1 - - [25/Nov/2018:21:22:07 +0000] "GET /static/assets/css/style.css HTTP/1.1" 404 166 "http://localhost:3000/burgers" "Mozilla/5.0 (Windows NT 10.0; Win64; x64) AppleWebKit/537.36 (KHTML, like Gecko) Chrome/70.0.3538.102 Safari/537.36"
::1 - - [25/Nov/2018:21:22:10 +0000] "PUT /burgers/update?_method=PUT HTTP/1.1" 302 46 "http://localhost:3000/burgers" "Mozilla/5.0 (Windows NT 10.0; Win64; x64) AppleWebKit/537.36 (KHTML, like Gecko) Chrome/70.0.3538.102 Safari/537.36"
::1 - - [25/Nov/2018:21:22:10 +0000] "GET / HTTP/1.1" 302 60 "http://localhost:3000/burgers" "Mozilla/5.0 (Windows NT 10.0; Win64; x64) AppleWebKit/537.36 (KHTML, like Gecko) Chrome/70.0.3538.102 Safari/537.36"
::1 - - [25/Nov/2018:21:22:10 +0000] "GET /burgers HTTP/1.1" 200 2065 "http://localhost:3000/burgers" "Mozilla/5.0 (Windows NT 10.0; Win64; x64) AppleWebKit/537.36 (KHTML, like Gecko) Chrome/70.0.3538.102 Safari/537.36"
::1 - - [25/Nov/2018:21:22:10 +0000] "GET /static/assets/css/style.css HTTP/1.1" 404 166 "http://localhost:3000/burgers" "Mozilla/5.0 (Windows NT 10.0; Win64; x64) AppleWebKit/537.36 (KHTML, like Gecko) Chrome/70.0.3538.102 Safari/537.36"
::1 - - [25/Nov/2018:21:22:20 +0000] "POST /burgers/create HTTP/1.1" 302 46 "http://localhost:3000/burgers" "Mozilla/5.0 (Windows NT 10.0; Win64; x64) AppleWebKit/537.36 (KHTML, like Gecko) Chrome/70.0.3538.102 Safari/537.36"
::1 - - [25/Nov/2018:21:22:20 +0000] "GET / HTTP/1.1" 302 60 "http://localhost:3000/burgers" "Mozilla/5.0 (Windows NT 10.0; Win64; x64) AppleWebKit/537.36 (KHTML, like Gecko) Chrome/70.0.3538.102 Safari/537.36"
::1 - - [25/Nov/2018:21:22:20 +0000] "GET /burgers HTTP/1.1" 200 2481 "http://localhost:3000/burgers" "Mozilla/5.0 (Windows NT 10.0; Win64; x64) AppleWebKit/537.36 (KHTML, like Gecko) Chrome/70.0.3538.102 Safari/537.36"
::1 - - [25/Nov/2018:21:22:20 +0000] "GET /static/assets/css/style.css HTTP/1.1" 404 166 "http://localhost:3000/burgers" "Mozilla/5.0 (Windows NT 10.0; Win64; x64) AppleWebKit/537.36 (KHTML, like Gecko) Chrome/70.0.3538.102 Safari/537.36"
::1 - - [25/Nov/2018:21:22:24 +0000] "PUT /burgers/update?_method=PUT HTTP/1.1" 302 46 "http://localhost:3000/burgers" "Mozilla/5.0 (Windows NT 10.0; Win64; x64) AppleWebKit/537.36 (KHTML, like Gecko) Chrome/70.0.3538.102 Safari/537.36"
::1 - - [25/Nov/2018:21:22:24 +0000] "GET / HTTP/1.1" 302 60 "http://localhost:3000/burgers" "Mozilla/5.0 (Windows NT 10.0; Win64; x64) AppleWebKit/537.36 (KHTML, like Gecko) Chrome/70.0.3538.102 Safari/537.36"
::1 - - [25/Nov/2018:21:22:25 +0000] "GET /burgers HTTP/1.1" 200 2152 "http://localhost:3000/burgers" "Mozilla/5.0 (Windows NT 10.0; Win64; x64) AppleWebKit/537.36 (KHTML, like Gecko) Chrome/70.0.3538.102 Safari/537.36"
::1 - - [25/Nov/2018:21:22:25 +0000] "GET /static/assets/css/style.css HTTP/1.1" 404 166 "http://localhost:3000/burgers" "Mozilla/5.0 (Windows NT 10.0; Win64; x64) AppleWebKit/537.36 (KHTML, like Gecko) Chrome/70.0.3538.102 Safari/537.36"
::1 - - [25/Nov/2018:21:24:42 +0000] "GET /burgers HTTP/1.1" 200 2147 "-" "Mozilla/5.0 (Windows NT 10.0; Win64; x64) AppleWebKit/537.36 (KHTML, like Gecko) Chrome/70.0.3538.102 Safari/537.36"
::1 - - [25/Nov/2018:21:24:42 +0000] "GET /static/assets/css/style.css HTTP/1.1" 404 166 "http://localhost:3000/burgers" "Mozilla/5.0 (Windows NT 10.0; Win64; x64) AppleWebKit/537.36 (KHTML, like Gecko) Chrome/70.0.3538.102 Safari/537.36"
::1 - - [01/Dec/2018:17:18:59 +0000] "GET / HTTP/1.1" 302 60 "-" "Mozilla/5.0 (Windows NT 10.0; Win64; x64) AppleWebKit/537.36 (KHTML, like Gecko) Chrome/70.0.3538.110 Safari/537.36"
::1 - - [01/Dec/2018:17:18:59 +0000] "GET /burgers HTTP/1.1" 304 - "-" "Mozilla/5.0 (Windows NT 10.0; Win64; x64) AppleWebKit/537.36 (KHTML, like Gecko) Chrome/70.0.3538.110 Safari/537.36"
::1 - - [01/Dec/2018:17:18:59 +0000] "GET /static/assets/css/style.css HTTP/1.1" 404 166 "http://localhost:3000/burgers" "Mozilla/5.0 (Windows NT 10.0; Win64; x64) AppleWebKit/537.36 (KHTML, like Gecko) Chrome/70.0.3538.110 Safari/537.36"
::1 - - [01/Dec/2018:17:19:00 +0000] "GET /favicon.ico HTTP/1.1" 404 150 "http://localhost:3000/burgers" "Mozilla/5.0 (Windows NT 10.0; Win64; x64) AppleWebKit/537.36 (KHTML, like Gecko) Chrome/70.0.3538.110 Safari/537.36"
::1 - - [01/Dec/2018:17:34:27 +0000] "POST /burgers/create HTTP/1.1" 302 46 "http://localhost:3000/burgers" "Mozilla/5.0 (Windows NT 10.0; Win64; x64) AppleWebKit/537.36 (KHTML, like Gecko) Chrome/70.0.3538.110 Safari/537.36"
::1 - - [01/Dec/2018:17:34:27 +0000] "GET / HTTP/1.1" 302 60 "http://localhost:3000/burgers" "Mozilla/5.0 (Windows NT 10.0; Win64; x64) AppleWebKit/537.36 (KHTML, like Gecko) Chrome/70.0.3538.110 Safari/537.36"
::1 - - [01/Dec/2018:17:34:27 +0000] "GET /burgers HTTP/1.1" 200 2570 "http://localhost:3000/burgers" "Mozilla/5.0 (Windows NT 10.0; Win64; x64) AppleWebKit/537.36 (KHTML, like Gecko) Chrome/70.0.3538.110 Safari/537.36"
::1 - - [01/Dec/2018:17:34:27 +0000] "GET /static/assets/css/style.css HTTP/1.1" 404 166 "http://localhost:3000/burgers" "Mozilla/5.0 (Windows NT 10.0; Win64; x64) AppleWebKit/537.36 (KHTML, like Gecko) Chrome/70.0.3538.110 Safari/537.36"
::1 - - [01/Dec/2018:17:34:39 +0000] "PUT /burgers/update?_method=PUT HTTP/1.1" 302 46 "http://localhost:3000/burgers" "Mozilla/5.0 (Windows NT 10.0; Win64; x64) AppleWebKit/537.36 (KHTML, like Gecko) Chrome/70.0.3538.110 Safari/537.36"
::1 - - [01/Dec/2018:17:34:39 +0000] "GET / HTTP/1.1" 302 60 "http://localhost:3000/burgers" "Mozilla/5.0 (Windows NT 10.0; Win64; x64) AppleWebKit/537.36 (KHTML, like Gecko) Chrome/70.0.3538.110 Safari/537.36"
::1 - - [01/Dec/2018:17:34:39 +0000] "GET /burgers HTTP/1.1" 200 2241 "http://localhost:3000/burgers" "Mozilla/5.0 (Windows NT 10.0; Win64; x64) AppleWebKit/537.36 (KHTML, like Gecko) Chrome/70.0.3538.110 Safari/537.36"
::1 - - [01/Dec/2018:17:34:39 +0000] "GET /static/assets/css/style.css HTTP/1.1" 404 166 "http://localhost:3000/burgers" "Mozilla/5.0 (Windows NT 10.0; Win64; x64) AppleWebKit/537.36 (KHTML, like Gecko) Chrome/70.0.3538.110 Safari/537.36"
::1 - - [01/Dec/2018:17:36:41 +0000] "GET /burgers HTTP/1.1" 304 - "http://localhost:3000/burgers" "Mozilla/5.0 (Windows NT 10.0; Win64; x64) AppleWebKit/537.36 (KHTML, like Gecko) Chrome/70.0.3538.110 Safari/537.36"
::1 - - [01/Dec/2018:17:36:41 +0000] "GET /static/assets/css/style.css HTTP/1.1" 404 166 "http://localhost:3000/burgers" "Mozilla/5.0 (Windows NT 10.0; Win64; x64) AppleWebKit/537.36 (KHTML, like Gecko) Chrome/70.0.3538.110 Safari/537.36"
::1 - - [01/Dec/2018:17:36:44 +0000] "POST /burgers/create HTTP/1.1" 302 46 "http://localhost:3000/burgers" "Mozilla/5.0 (Windows NT 10.0; Win64; x64) AppleWebKit/537.36 (KHTML, like Gecko) Chrome/70.0.3538.110 Safari/537.36"
::1 - - [01/Dec/2018:17:36:44 +0000] "GET / HTTP/1.1" 302 60 "http://localhost:3000/burgers" "Mozilla/5.0 (Windows NT 10.0; Win64; x64) AppleWebKit/537.36 (KHTML, like Gecko) Chrome/70.0.3538.110 Safari/537.36"
::1 - - [01/Dec/2018:17:36:44 +0000] "GET /burgers HTTP/1.1" 304 - "http://localhost:3000/burgers" "Mozilla/5.0 (Windows NT 10.0; Win64; x64) AppleWebKit/537.36 (KHTML, like Gecko) Chrome/70.0.3538.110 Safari/537.36"
::1 - - [01/Dec/2018:17:36:44 +0000] "GET /static/assets/css/style.css HTTP/1.1" 404 166 "http://localhost:3000/burgers" "Mozilla/5.0 (Windows NT 10.0; Win64; x64) AppleWebKit/537.36 (KHTML, like Gecko) Chrome/70.0.3538.110 Safari/537.36"
::1 - - [01/Dec/2018:17:36:51 +0000] "POST /burgers/create HTTP/1.1" 302 46 "http://localhost:3000/burgers" "Mozilla/5.0 (Windows NT 10.0; Win64; x64) AppleWebKit/537.36 (KHTML, like Gecko) Chrome/70.0.3538.110 Safari/537.36"
::1 - - [01/Dec/2018:17:36:51 +0000] "GET / HTTP/1.1" 302 60 "http://localhost:3000/burgers" "Mozilla/5.0 (Windows NT 10.0; Win64; x64) AppleWebKit/537.36 (KHTML, like Gecko) Chrome/70.0.3538.110 Safari/537.36"
::1 - - [01/Dec/2018:17:36:51 +0000] "GET /burgers HTTP/1.1" 304 - "http://localhost:3000/burgers" "Mozilla/5.0 (Windows NT 10.0; Win64; x64) AppleWebKit/537.36 (KHTML, like Gecko) Chrome/70.0.3538.110 Safari/537.36"
::1 - - [01/Dec/2018:17:36:51 +0000] "GET /static/assets/css/style.css HTTP/1.1" 404 166 "http://localhost:3000/burgers" "Mozilla/5.0 (Windows NT 10.0; Win64; x64) AppleWebKit/537.36 (KHTML, like Gecko) Chrome/70.0.3538.110 Safari/537.36"
::1 - - [01/Dec/2018:17:37:05 +0000] "POST /burgers/create HTTP/1.1" 302 46 "http://localhost:3000/burgers" "Mozilla/5.0 (Windows NT 10.0; Win64; x64) AppleWebKit/537.36 (KHTML, like Gecko) Chrome/70.0.3538.110 Safari/537.36"
::1 - - [01/Dec/2018:17:37:05 +0000] "GET / HTTP/1.1" 302 60 "http://localhost:3000/burgers" "Mozilla/5.0 (Windows NT 10.0; Win64; x64) AppleWebKit/537.36 (KHTML, like Gecko) Chrome/70.0.3538.110 Safari/537.36"
::1 - - [01/Dec/2018:17:37:05 +0000] "GET /burgers HTTP/1.1" 200 2647 "http://localhost:3000/burgers" "Mozilla/5.0 (Windows NT 10.0; Win64; x64) AppleWebKit/537.36 (KHTML, like Gecko) Chrome/70.0.3538.110 Safari/537.36"
::1 - - [01/Dec/2018:17:37:05 +0000] "GET /static/assets/css/style.css HTTP/1.1" 404 166 "http://localhost:3000/burgers" "Mozilla/5.0 (Windows NT 10.0; Win64; x64) AppleWebKit/537.36 (KHTML, like Gecko) Chrome/70.0.3538.110 Safari/537.36"
::1 - - [01/Dec/2018:17:37:12 +0000] "GET /burgers HTTP/1.1" 304 - "http://localhost:3000/burgers" "Mozilla/5.0 (Windows NT 10.0; Win64; x64) AppleWebKit/537.36 (KHTML, like Gecko) Chrome/70.0.3538.110 Safari/537.36"
::1 - - [01/Dec/2018:17:37:12 +0000] "GET /static/assets/css/style.css HTTP/1.1" 404 166 "http://localhost:3000/burgers" "Mozilla/5.0 (Windows NT 10.0; Win64; x64) AppleWebKit/537.36 (KHTML, like Gecko) Chrome/70.0.3538.110 Safari/537.36"
::1 - - [01/Dec/2018:17:51:43 +0000] "GET /burgers HTTP/1.1" 304 - "http://localhost:3000/burgers" "Mozilla/5.0 (Windows NT 10.0; Win64; x64) AppleWebKit/537.36 (KHTML, like Gecko) Chrome/70.0.3538.110 Safari/537.36"
::1 - - [01/Dec/2018:17:51:43 +0000] "GET /static/assets/css/style.css HTTP/1.1" 404 166 "http://localhost:3000/burgers" "Mozilla/5.0 (Windows NT 10.0; Win64; x64) AppleWebKit/537.36 (KHTML, like Gecko) Chrome/70.0.3538.110 Safari/537.36"
::1 - - [01/Dec/2018:17:52:23 +0000] "GET /burgers HTTP/1.1" 200 2241 "http://localhost:3000/burgers" "Mozilla/5.0 (Windows NT 10.0; Win64; x64) AppleWebKit/537.36 (KHTML, like Gecko) Chrome/70.0.3538.110 Safari/537.36"
::1 - - [01/Dec/2018:17:52:23 +0000] "GET /static/assets/css/style.css HTTP/1.1" 404 166 "http://localhost:3000/burgers" "Mozilla/5.0 (Windows NT 10.0; Win64; x64) AppleWebKit/537.36 (KHTML, like Gecko) Chrome/70.0.3538.110 Safari/537.36"
::1 - - [01/Dec/2018:17:55:28 +0000] "GET /burgers HTTP/1.1" 304 - "http://localhost:3000/burgers" "Mozilla/5.0 (Windows NT 10.0; Win64; x64) AppleWebKit/537.36 (KHTML, like Gecko) Chrome/70.0.3538.110 Safari/537.36"
::1 - - [01/Dec/2018:17:55:28 +0000] "GET /static/assets/css/style.css HTTP/1.1" 404 166 "http://localhost:3000/burgers" "Mozilla/5.0 (Windows NT 10.0; Win64; x64) AppleWebKit/537.36 (KHTML, like Gecko) Chrome/70.0.3538.110 Safari/537.36"
::1 - - [01/Dec/2018:17:59:56 +0000] "GET /burgers HTTP/1.1" 304 - "http://localhost:3000/burgers" "Mozilla/5.0 (Windows NT 10.0; Win64; x64) AppleWebKit/537.36 (KHTML, like Gecko) Chrome/70.0.3538.110 Safari/537.36"
::1 - - [01/Dec/2018:17:59:56 +0000] "GET /static/assets/css/style.css HTTP/1.1" 404 166 "http://localhost:3000/burgers" "Mozilla/5.0 (Windows NT 10.0; Win64; x64) AppleWebKit/537.36 (KHTML, like Gecko) Chrome/70.0.3538.110 Safari/537.36"
::1 - - [01/Dec/2018:18:00:57 +0000] "GET /robots.txt HTTP/1.1" 404 149 "-" "Mozilla/5.0 (Windows NT 10.0; Win64; x64) AppleWebKit/537.36 (KHTML, like Gecko) Chrome/70.0.3538.110 Safari/537.36"
::1 - - [01/Dec/2018:18:00:57 +0000] "POST /burgers/create HTTP/1.1" 302 46 "http://localhost:3000/burgers" "Mozilla/5.0 (Windows NT 10.0; Win64; x64) AppleWebKit/537.36 (KHTML, like Gecko) Chrome/70.0.3538.110 Safari/537.36"
::1 - - [01/Dec/2018:18:00:57 +0000] "GET / HTTP/1.1" 302 60 "http://localhost:3000/burgers" "Mozilla/5.0 (Windows NT 10.0; Win64; x64) AppleWebKit/537.36 (KHTML, like Gecko) Chrome/70.0.3538.110 Safari/537.36"
::1 - - [01/Dec/2018:18:00:57 +0000] "GET /burgers HTTP/1.1" 200 2655 "http://localhost:3000/burgers" "Mozilla/5.0 (Windows NT 10.0; Win64; x64) AppleWebKit/537.36 (KHTML, like Gecko) Chrome/70.0.3538.110 Safari/537.36"
::1 - - [01/Dec/2018:18:00:57 +0000] "GET /static/assets/css/style.css HTTP/1.1" 404 166 "http://localhost:3000/burgers" "Mozilla/5.0 (Windows NT 10.0; Win64; x64) AppleWebKit/537.36 (KHTML, like Gecko) Chrome/70.0.3538.110 Safari/537.36"
::1 - - [01/Dec/2018:18:01:04 +0000] "PUT /burgers/update?_method=PUT HTTP/1.1" 302 46 "http://localhost:3000/burgers" "Mozilla/5.0 (Windows NT 10.0; Win64; x64) AppleWebKit/537.36 (KHTML, like Gecko) Chrome/70.0.3538.110 Safari/537.36"
::1 - - [01/Dec/2018:18:01:04 +0000] "GET / HTTP/1.1" 302 60 "http://localhost:3000/burgers" "Mozilla/5.0 (Windows NT 10.0; Win64; x64) AppleWebKit/537.36 (KHTML, like Gecko) Chrome/70.0.3538.110 Safari/537.36"
::1 - - [01/Dec/2018:18:01:04 +0000] "GET /burgers HTTP/1.1" 200 2326 "http://localhost:3000/burgers" "Mozilla/5.0 (Windows NT 10.0; Win64; x64) AppleWebKit/537.36 (KHTML, like Gecko) Chrome/70.0.3538.110 Safari/537.36"
::1 - - [01/Dec/2018:18:01:04 +0000] "GET /static/assets/css/style.css HTTP/1.1" 404 166 "http://localhost:3000/burgers" "Mozilla/5.0 (Windows NT 10.0; Win64; x64) AppleWebKit/537.36 (KHTML, like Gecko) Chrome/70.0.3538.110 Safari/537.36"
::1 - - [01/Dec/2018:18:03:41 +0000] "GET /burgers HTTP/1.1" 304 - "http://localhost:3000/burgers" "Mozilla/5.0 (Windows NT 10.0; Win64; x64) AppleWebKit/537.36 (KHTML, like Gecko) Chrome/70.0.3538.110 Safari/537.36"
::1 - - [01/Dec/2018:18:03:41 +0000] "GET /static/assets/css/style.css HTTP/1.1" 404 166 "http://localhost:3000/burgers" "Mozilla/5.0 (Windows NT 10.0; Win64; x64) AppleWebKit/537.36 (KHTML, like Gecko) Chrome/70.0.3538.110 Safari/537.36"
::1 - - [01/Dec/2018:18:03:59 +0000] "GET /burgers HTTP/1.1" 304 - "http://localhost:3000/burgers" "Mozilla/5.0 (Windows NT 10.0; Win64; x64) AppleWebKit/537.36 (KHTML, like Gecko) Chrome/70.0.3538.110 Safari/537.36"
::1 - - [01/Dec/2018:18:03:59 +0000] "GET /static/assets/css/style.css HTTP/1.1" 404 166 "http://localhost:3000/burgers" "Mozilla/5.0 (Windows NT 10.0; Win64; x64) AppleWebKit/537.36 (KHTML, like Gecko) Chrome/70.0.3538.110 Safari/537.36"
::1 - - [01/Dec/2018:18:04:00 +0000] "GET /burgers HTTP/1.1" 304 - "http://localhost:3000/burgers" "Mozilla/5.0 (Windows NT 10.0; Win64; x64) AppleWebKit/537.36 (KHTML, like Gecko) Chrome/70.0.3538.110 Safari/537.36"
::1 - - [01/Dec/2018:18:04:00 +0000] "GET /static/assets/css/style.css HTTP/1.1" 404 166 "http://localhost:3000/burgers" "Mozilla/5.0 (Windows NT 10.0; Win64; x64) AppleWebKit/537.36 (KHTML, like Gecko) Chrome/70.0.3538.110 Safari/537.36"
::1 - - [01/Dec/2018:18:12:25 +0000] "GET /burgers HTTP/1.1" 200 2257 "http://localhost:3000/burgers" "Mozilla/5.0 (Windows NT 10.0; Win64; x64) AppleWebKit/537.36 (KHTML, like Gecko) Chrome/70.0.3538.110 Safari/537.36"
::1 - - [01/Dec/2018:18:12:25 +0000] "GET /static/assets/css/style.css HTTP/1.1" 404 166 "http://localhost:3000/burgers" "Mozilla/5.0 (Windows NT 10.0; Win64; x64) AppleWebKit/537.36 (KHTML, like Gecko) Chrome/70.0.3538.110 Safari/537.36"
::1 - - [01/Dec/2018:18:12:27 +0000] "GET /burgers HTTP/1.1" 304 - "http://localhost:3000/burgers" "Mozilla/5.0 (Windows NT 10.0; Win64; x64) AppleWebKit/537.36 (KHTML, like Gecko) Chrome/70.0.3538.110 Safari/537.36"
::1 - - [01/Dec/2018:18:12:27 +0000] "GET /static/assets/css/style.css HTTP/1.1" 404 166 "http://localhost:3000/burgers" "Mozilla/5.0 (Windows NT 10.0; Win64; x64) AppleWebKit/537.36 (KHTML, like Gecko) Chrome/70.0.3538.110 Safari/537.36"
::1 - - [01/Dec/2018:18:12:37 +0000] "GET / HTTP/1.1" 302 60 "-" "Mozilla/5.0 (Windows NT 10.0; Win64; x64) AppleWebKit/537.36 (KHTML, like Gecko) Chrome/70.0.3538.110 Safari/537.36"
::1 - - [01/Dec/2018:18:12:37 +0000] "GET /burgers HTTP/1.1" 304 - "-" "Mozilla/5.0 (Windows NT 10.0; Win64; x64) AppleWebKit/537.36 (KHTML, like Gecko) Chrome/70.0.3538.110 Safari/537.36"
::1 - - [01/Dec/2018:18:12:37 +0000] "GET /static/assets/css/style.css HTTP/1.1" 404 166 "http://localhost:3000/burgers" "Mozilla/5.0 (Windows NT 10.0; Win64; x64) AppleWebKit/537.36 (KHTML, like Gecko) Chrome/70.0.3538.110 Safari/537.36"
::1 - - [01/Dec/2018:18:12:47 +0000] "POST /burgers/create HTTP/1.1" 302 46 "http://localhost:3000/burgers" "Mozilla/5.0 (Windows NT 10.0; Win64; x64) AppleWebKit/537.36 (KHTML, like Gecko) Chrome/70.0.3538.110 Safari/537.36"
::1 - - [01/Dec/2018:18:12:47 +0000] "GET / HTTP/1.1" 302 60 "http://localhost:3000/burgers" "Mozilla/5.0 (Windows NT 10.0; Win64; x64) AppleWebKit/537.36 (KHTML, like Gecko) Chrome/70.0.3538.110 Safari/537.36"
::1 - - [01/Dec/2018:18:12:47 +0000] "GET /burgers HTTP/1.1" 200 2672 "http://localhost:3000/burgers" "Mozilla/5.0 (Windows NT 10.0; Win64; x64) AppleWebKit/537.36 (KHTML, like Gecko) Chrome/70.0.3538.110 Safari/537.36"
::1 - - [01/Dec/2018:18:12:47 +0000] "GET /static/assets/css/style.css HTTP/1.1" 404 166 "http://localhost:3000/burgers" "Mozilla/5.0 (Windows NT 10.0; Win64; x64) AppleWebKit/537.36 (KHTML, like Gecko) Chrome/70.0.3538.110 Safari/537.36"
::1 - - [01/Dec/2018:18:12:53 +0000] "PUT /burgers/update?_method=PUT HTTP/1.1" 302 46 "http://localhost:3000/burgers" "Mozilla/5.0 (Windows NT 10.0; Win64; x64) AppleWebKit/537.36 (KHTML, like Gecko) Chrome/70.0.3538.110 Safari/537.36"
::1 - - [01/Dec/2018:18:12:53 +0000] "GET / HTTP/1.1" 302 60 "http://localhost:3000/burgers" "Mozilla/5.0 (Windows NT 10.0; Win64; x64) AppleWebKit/537.36 (KHTML, like Gecko) Chrome/70.0.3538.110 Safari/537.36"
::1 - - [01/Dec/2018:18:12:53 +0000] "GET /burgers HTTP/1.1" 200 2343 "http://localhost:3000/burgers" "Mozilla/5.0 (Windows NT 10.0; Win64; x64) AppleWebKit/537.36 (KHTML, like Gecko) Chrome/70.0.3538.110 Safari/537.36"
::1 - - [01/Dec/2018:18:12:53 +0000] "GET /static/assets/css/style.css HTTP/1.1" 404 166 "http://localhost:3000/burgers" "Mozilla/5.0 (Windows NT 10.0; Win64; x64) AppleWebKit/537.36 (KHTML, like Gecko) Chrome/70.0.3538.110 Safari/537.36"
::1 - - [01/Dec/2018:18:21:45 +0000] "GET /burgers HTTP/1.1" 200 2350 "http://localhost:3000/burgers" "Mozilla/5.0 (Windows NT 10.0; Win64; x64) AppleWebKit/537.36 (KHTML, like Gecko) Chrome/70.0.3538.110 Safari/537.36"
::1 - - [01/Dec/2018:18:21:45 +0000] "GET /static/assets/css/burger_style.css HTTP/1.1" 404 173 "http://localhost:3000/burgers" "Mozilla/5.0 (Windows NT 10.0; Win64; x64) AppleWebKit/537.36 (KHTML, like Gecko) Chrome/70.0.3538.110 Safari/537.36"
::1 - - [01/Dec/2018:18:21:48 +0000] "GET /burgers HTTP/1.1" 304 - "http://localhost:3000/burgers" "Mozilla/5.0 (Windows NT 10.0; Win64; x64) AppleWebKit/537.36 (KHTML, like Gecko) Chrome/70.0.3538.110 Safari/537.36"
::1 - - [01/Dec/2018:18:21:48 +0000] "GET /static/assets/css/burger_style.css HTTP/1.1" 404 173 "http://localhost:3000/burgers" "Mozilla/5.0 (Windows NT 10.0; Win64; x64) AppleWebKit/537.36 (KHTML, like Gecko) Chrome/70.0.3538.110 Safari/537.36"
::1 - - [01/Dec/2018:18:22:56 +0000] "GET / HTTP/1.1" 302 60 "-" "Mozilla/5.0 (Windows NT 10.0; Win64; x64) AppleWebKit/537.36 (KHTML, like Gecko) Chrome/70.0.3538.110 Safari/537.36"
::1 - - [01/Dec/2018:18:22:57 +0000] "GET /burgers HTTP/1.1" 200 2350 "-" "Mozilla/5.0 (Windows NT 10.0; Win64; x64) AppleWebKit/537.36 (KHTML, like Gecko) Chrome/70.0.3538.110 Safari/537.36"
::1 - - [01/Dec/2018:18:23:02 +0000] "GET /public/assets/css/burger_style.css HTTP/1.1" 404 173 "http://localhost:3000/burgers" "Mozilla/5.0 (Windows NT 10.0; Win64; x64) AppleWebKit/537.36 (KHTML, like Gecko) Chrome/70.0.3538.110 Safari/537.36"
::1 - - [01/Dec/2018:18:23:10 +0000] "POST /burgers/create HTTP/1.1" 302 46 "http://localhost:3000/burgers" "Mozilla/5.0 (Windows NT 10.0; Win64; x64) AppleWebKit/537.36 (KHTML, like Gecko) Chrome/70.0.3538.110 Safari/537.36"
::1 - - [01/Dec/2018:18:23:10 +0000] "GET / HTTP/1.1" 302 60 "http://localhost:3000/burgers" "Mozilla/5.0 (Windows NT 10.0; Win64; x64) AppleWebKit/537.36 (KHTML, like Gecko) Chrome/70.0.3538.110 Safari/537.36"
::1 - - [01/Dec/2018:18:23:10 +0000] "GET /burgers HTTP/1.1" 200 2760 "http://localhost:3000/burgers" "Mozilla/5.0 (Windows NT 10.0; Win64; x64) AppleWebKit/537.36 (KHTML, like Gecko) Chrome/70.0.3538.110 Safari/537.36"
::1 - - [01/Dec/2018:18:23:10 +0000] "GET /public/assets/css/burger_style.css HTTP/1.1" 404 173 "http://localhost:3000/burgers" "Mozilla/5.0 (Windows NT 10.0; Win64; x64) AppleWebKit/537.36 (KHTML, like Gecko) Chrome/70.0.3538.110 Safari/537.36"
::1 - - [01/Dec/2018:18:23:32 +0000] "GET /burgers HTTP/1.1" 200 2264 "http://localhost:3000/burgers" "Mozilla/5.0 (Windows NT 10.0; Win64; x64) AppleWebKit/537.36 (KHTML, like Gecko) Chrome/70.0.3538.110 Safari/537.36"
::1 - - [01/Dec/2018:18:23:32 +0000] "GET /public/assets/css/burger_style.css HTTP/1.1" 404 173 "http://localhost:3000/burgers" "Mozilla/5.0 (Windows NT 10.0; Win64; x64) AppleWebKit/537.36 (KHTML, like Gecko) Chrome/70.0.3538.110 Safari/537.36"
::1 - - [01/Dec/2018:18:26:07 +0000] "GET /burgers HTTP/1.1" 200 2265 "http://localhost:3000/burgers" "Mozilla/5.0 (Windows NT 10.0; Win64; x64) AppleWebKit/537.36 (KHTML, like Gecko) Chrome/70.0.3538.110 Safari/537.36"
::1 - - [01/Dec/2018:18:26:07 +0000] "GET /static/assets/css/burger_style.css HTTP/1.1" 404 173 "http://localhost:3000/burgers" "Mozilla/5.0 (Windows NT 10.0; Win64; x64) AppleWebKit/537.36 (KHTML, like Gecko) Chrome/70.0.3538.110 Safari/537.36"
::1 - - [01/Dec/2018:18:26:16 +0000] "POST /burgers/create HTTP/1.1" 302 46 "http://localhost:3000/burgers" "Mozilla/5.0 (Windows NT 10.0; Win64; x64) AppleWebKit/537.36 (KHTML, like Gecko) Chrome/70.0.3538.110 Safari/537.36"
::1 - - [01/Dec/2018:18:26:16 +0000] "GET / HTTP/1.1" 302 60 "http://localhost:3000/burgers" "Mozilla/5.0 (Windows NT 10.0; Win64; x64) AppleWebKit/537.36 (KHTML, like Gecko) Chrome/70.0.3538.110 Safari/537.36"
::1 - - [01/Dec/2018:18:26:16 +0000] "GET /burgers HTTP/1.1" 200 2676 "http://localhost:3000/burgers" "Mozilla/5.0 (Windows NT 10.0; Win64; x64) AppleWebKit/537.36 (KHTML, like Gecko) Chrome/70.0.3538.110 Safari/537.36"
::1 - - [01/Dec/2018:18:26:16 +0000] "GET /static/assets/css/burger_style.css HTTP/1.1" 404 173 "http://localhost:3000/burgers" "Mozilla/5.0 (Windows NT 10.0; Win64; x64) AppleWebKit/537.36 (KHTML, like Gecko) Chrome/70.0.3538.110 Safari/537.36"
::1 - - [01/Dec/2018:18:26:29 +0000] "PUT /burgers/update?_method=PUT HTTP/1.1" 302 46 "http://localhost:3000/burgers" "Mozilla/5.0 (Windows NT 10.0; Win64; x64) AppleWebKit/537.36 (KHTML, like Gecko) Chrome/70.0.3538.110 Safari/537.36"
::1 - - [01/Dec/2018:18:26:29 +0000] "GET / HTTP/1.1" 302 60 "http://localhost:3000/burgers" "Mozilla/5.0 (Windows NT 10.0; Win64; x64) AppleWebKit/537.36 (KHTML, like Gecko) Chrome/70.0.3538.110 Safari/537.36"
::1 - - [01/Dec/2018:18:26:29 +0000] "GET /burgers HTTP/1.1" 200 2346 "http://localhost:3000/burgers" "Mozilla/5.0 (Windows NT 10.0; Win64; x64) AppleWebKit/537.36 (KHTML, like Gecko) Chrome/70.0.3538.110 Safari/537.36"
::1 - - [01/Dec/2018:18:26:29 +0000] "GET /static/assets/css/burger_style.css HTTP/1.1" 404 173 "http://localhost:3000/burgers" "Mozilla/5.0 (Windows NT 10.0; Win64; x64) AppleWebKit/537.36 (KHTML, like Gecko) Chrome/70.0.3538.110 Safari/537.36"
::1 - - [01/Dec/2018:18:41:36 +0000] "GET /burgers HTTP/1.1" 304 - "http://localhost:3000/burgers" "Mozilla/5.0 (Windows NT 10.0; Win64; x64) AppleWebKit/537.36 (KHTML, like Gecko) Chrome/70.0.3538.110 Safari/537.36"
::1 - - [01/Dec/2018:18:41:37 +0000] "GET /static/assets/css/burger_style.css HTTP/1.1" 404 173 "http://localhost:3000/burgers" "Mozilla/5.0 (Windows NT 10.0; Win64; x64) AppleWebKit/537.36 (KHTML, like Gecko) Chrome/70.0.3538.110 Safari/537.36"
::1 - - [01/Dec/2018:18:41:38 +0000] "GET /burgers HTTP/1.1" 304 - "http://localhost:3000/burgers" "Mozilla/5.0 (Windows NT 10.0; Win64; x64) AppleWebKit/537.36 (KHTML, like Gecko) Chrome/70.0.3538.110 Safari/537.36"
::1 - - [01/Dec/2018:18:41:38 +0000] "GET /static/assets/css/burger_style.css HTTP/1.1" 404 173 "http://localhost:3000/burgers" "Mozilla/5.0 (Windows NT 10.0; Win64; x64) AppleWebKit/537.36 (KHTML, like Gecko) Chrome/70.0.3538.110 Safari/537.36"
